<?xml version="1.0" encoding="UTF-8"?>
<!-- Generated by org.testng.reporters.JUnitReportReporter -->
<testsuite hostname="LAPTOP-JUUK22KG" failures="0" tests="1" name="TestRunner.MyTestRunner" time="30.790" errors="0" timestamp="2025-08-26T09:57:09 IST" skipped="0">
  <testcase classname="TestRunner.MyTestRunner" name="runScenario" time="30.790"/>
</testsuite> <!-- TestRunner.MyTestRunner -->
