<?xml version="1.0" encoding="UTF-8"?>
<!-- Generated by org.testng.reporters.JUnitReportReporter -->
<testsuite hostname="LAPTOP-JUUK22KG" failures="0" tests="3" name="wiproTestNG.TestNGDataProviders" time="52.679" errors="0" timestamp="2025-08-20T09:25:13 IST" skipped="0">
  <testcase classname="wiproTestNG.TestNGDataProviders" name="loginTest" time="17.307"/>
  <testcase classname="wiproTestNG.TestNGDataProviders" name="loginTest" time="17.078"/>
  <testcase classname="wiproTestNG.TestNGDataProviders" name="loginTest" time="18.294"/>
</testsuite> <!-- wiproTestNG.TestNGDataProviders -->
