<?xml version="1.0" encoding="UTF-8"?>
<!-- Generated by org.testng.reporters.JUnitReportReporter -->
<testsuite hostname="LAPTOP-JUUK22KG" failures="0" tests="1" name="wiproTestNG.ExcelRead" time="10.868" errors="0" timestamp="2025-08-19T16:49:27 IST" skipped="0">
  <testcase classname="wiproTestNG.ExcelRead" name="login" time="10.868"/>
</testsuite> <!-- wiproTestNG.ExcelRead -->
