<?xml version="1.0" encoding="UTF-8"?>
<!-- Generated by org.testng.reporters.JUnitReportReporter -->
<testsuite hostname="LAPTOP-JUUK22KG" failures="0" tests="2" name="wiproTestNG.TestNgTestCase" time="22.413" errors="0" timestamp="2025-08-20T10:45:26 IST" skipped="0">
  <testcase classname="wiproTestNG.TestNgTestCase" name="launchbrowser" time="9.623"/>
  <testcase classname="wiproTestNG.TestNgTestCase" name="login" time="12.790"/>
</testsuite> <!-- wiproTestNG.TestNgTestCase -->
