<?xml version="1.0" encoding="UTF-8"?>
<!-- Generated by org.testng.reporters.JUnitReportReporter -->
<testsuite hostname="LAPTOP-JUUK22KG" failures="0" tests="1" name="wiproTestNG.TestNGListenerTestCase" time="17.160" errors="0" timestamp="2025-08-19T11:35:02 IST" skipped="0">
  <testcase classname="wiproTestNG.TestNGListenerTestCase" name="testlogin" time="17.160"/>
</testsuite> <!-- wiproTestNG.TestNGListenerTestCase -->
