<?xml version="1.0" encoding="UTF-8"?>
<!-- Generated by org.testng.reporters.JUnitReportReporter -->
<testsuite hostname="LAPTOP-JUUK22KG" failures="0" tests="1" name="wiproTestNG.TestNgParameterisedEg" time="3.907" errors="0" timestamp="2025-08-16T16:03:50 IST" skipped="0">
  <testcase classname="wiproTestNG.TestNgParameterisedEg" name="testparameters" time="3.907"/>
</testsuite> <!-- wiproTestNG.TestNgParameterisedEg -->
