<?xml version="1.0" encoding="UTF-8"?>
<!-- Generated by org.testng.reporters.JUnitReportReporter -->
<testsuite hostname="LAPTOP-JUUK22KG" failures="0" tests="2" name="wiproTestNG.TsetNgSkipTestCases" time="5.354" errors="0" timestamp="2025-08-16T15:13:01 IST" skipped="1">
  <testcase classname="wiproTestNG.TsetNgSkipTestCases" name="launchbrowser" time="5.354"/>
  <testcase classname="wiproTestNG.TsetNgSkipTestCases" name="login">
    <skipped/>
  </testcase> <!-- login -->
</testsuite> <!-- wiproTestNG.TsetNgSkipTestCases -->
