<?xml version="1.0" encoding="UTF-8"?>
<!-- Generated by org.testng.reporters.JUnitReportReporter -->
<testsuite hostname="LAPTOP-JUUK22KG" failures="0" tests="3" name="Labsession16_08.GroupTest2" time="0.019" errors="0" timestamp="2025-08-19T09:48:34 IST" skipped="0">
  <testcase classname="Labsession16_08.GroupTest2" name="viewUser" time="0.002"/>
  <testcase classname="Labsession16_08.GroupTest2" name="createUser" time="0.014"/>
  <testcase classname="Labsession16_08.GroupTest2" name="deleteuser" time="0.003"/>
</testsuite> <!-- Labsession16_08.GroupTest2 -->
