<?xml version="1.0" encoding="UTF-8"?>
<!-- Generated by org.testng.reporters.JUnitReportReporter -->
<testsuite hostname="LAPTOP-JUUK22KG" failures="0" tests="1" name="wiproTestNG.ExcelWrite" time="9.913" errors="0" timestamp="2025-08-19T17:52:00 IST" skipped="0">
  <testcase classname="wiproTestNG.ExcelWrite" name="login" time="9.913"/>
</testsuite> <!-- wiproTestNG.ExcelWrite -->
