<?xml version="1.0" encoding="UTF-8"?>
<!-- Generated by org.testng.reporters.JUnitReportReporter -->
<testsuite hostname="LAPTOP-JUUK22KG" failures="0" tests="3" name="wiproTestNG.TestNGAnotations" time="0.012" errors="0" timestamp="2025-08-19T10:47:04 IST" skipped="0">
  <testcase classname="wiproTestNG.TestNGAnotations" name="testcase1" time="0.006"/>
  <testcase classname="wiproTestNG.TestNGAnotations" name="testcase3" time="0.003"/>
  <testcase classname="wiproTestNG.TestNGAnotations" name="testcase2" time="0.003"/>
</testsuite> <!-- wiproTestNG.TestNGAnotations -->
