<?xml version="1.0" encoding="UTF-8"?>
<!-- Generated by org.testng.reporters.JUnitReportReporter -->
<testsuite hostname="LAPTOP-JUUK22KG" failures="0" tests="2" name="Labsession16_08.GroupTestNg" time="0.036" errors="0" timestamp="2025-08-23T10:56:50 IST" skipped="0">
  <testcase classname="Labsession16_08.GroupTestNg" name="logoutTest" time="0.018"/>
  <testcase classname="Labsession16_08.GroupTestNg" name="loginTest" time="0.018"/>
</testsuite> <!-- Labsession16_08.GroupTestNg -->
