<?xml version="1.0" encoding="UTF-8"?>
<!-- Generated by org.testng.reporters.JUnitReportReporter -->
<testsuite hostname="LAPTOP-JUUK22KG" failures="0" tests="1" name="seleniumgrid.SeleniumGridTestcase" time="9.065" errors="0" timestamp="2025-08-20T15:25:48 IST" skipped="0">
  <testcase classname="seleniumgrid.SeleniumGridTestcase" name="login" time="9.065"/>
</testsuite> <!-- seleniumgrid.SeleniumGridTestcase -->
