<?xml version="1.0" encoding="UTF-8"?>
<!-- Generated by org.testng.reporters.JUnitReportReporter -->
<testsuite hostname="LAPTOP-JUUK22KG" failures="0" tests="3" name="Labsession18_08.LoginAutomation" time="38.841" errors="0" timestamp="2025-08-18T11:08:20 IST" skipped="0">
  <testcase classname="Labsession18_08.LoginAutomation" name="positiveLoginTest" time="14.535"/>
  <testcase classname="Labsession18_08.LoginAutomation" name="negativeUsernameTest" time="12.973"/>
  <testcase classname="Labsession18_08.LoginAutomation" name="negativePasswordTest" time="11.333"/>
</testsuite> <!-- Labsession18_08.LoginAutomation -->
