<?xml version="1.0" encoding="UTF-8"?>
<!-- Generated by org.testng.reporters.JUnitReportReporter -->
<testsuite hostname="LAPTOP-JUUK22KG" failures="0" tests="4" name="wiproTestNG.MultipleTestCaseNg" time="37.773" errors="0" timestamp="2025-08-16T14:56:39 IST" skipped="0">
  <testcase classname="wiproTestNG.MultipleTestCaseNg" name="testdragdrop" time="7.025"/>
  <testcase classname="wiproTestNG.MultipleTestCaseNg" name="radiobuttons" time="6.795"/>
  <testcase classname="wiproTestNG.MultipleTestCaseNg" name="testcheckbox" time="5.321"/>
  <testcase classname="wiproTestNG.MultipleTestCaseNg" name="testalerts" time="18.632"/>
</testsuite> <!-- wiproTestNG.MultipleTestCaseNg -->
