<?xml version="1.0" encoding="UTF-8"?>
<!-- Generated by org.testng.reporters.JUnitReportReporter -->
<testsuite hostname="LAPTOP-JUUK22KG" failures="0" tests="1" name="wiproTestNG.TestDatabase" time="49.948" errors="0" timestamp="2025-08-20T12:02:36 IST" skipped="0">
  <testcase classname="wiproTestNG.TestDatabase" name="readfromDBTest" time="49.948"/>
</testsuite> <!-- wiproTestNG.TestDatabase -->
