<?xml version="1.0" encoding="UTF-8"?>
<!-- Generated by org.testng.reporters.JUnitReportReporter -->
<testsuite hostname="LAPTOP-JUUK22KG" failures="0" tests="1" name="wiproTestNG.TestNgSoftAssertions" time="15.207" errors="0" timestamp="2025-08-19T10:23:56 IST" skipped="0">
  <testcase classname="wiproTestNG.TestNgSoftAssertions" name="testlogin" time="15.207"/>
</testsuite> <!-- wiproTestNG.TestNgSoftAssertions -->
