<?xml version="1.0" encoding="UTF-8"?>
<!-- Generated by org.testng.reporters.JUnitReportReporter -->
<testsuite hostname="LAPTOP-JUUK22KG" failures="0" tests="6" name="Labsession19_08.Listner" time="39.111" errors="0" timestamp="2025-08-19T14:28:06 IST" skipped="0">
  <testcase classname="Labsession19_08.Listner" name="positiveLoginTest" time="15.420"/>
  <testcase classname="Labsession19_08.Listner" name="testcase2" time="0.002"/>
  <testcase classname="Labsession19_08.Listner" name="negativeUsernameTest" time="11.926"/>
  <testcase classname="Labsession19_08.Listner" name="testcase3" time="0.005"/>
  <testcase classname="Labsession19_08.Listner" name="testcase1" time="0.003"/>
  <testcase classname="Labsession19_08.Listner" name="negativePasswordTest" time="11.755"/>
</testsuite> <!-- Labsession19_08.Listner -->
