<?xml version="1.0" encoding="UTF-8"?>
<!-- Generated by org.testng.reporters.JUnitReportReporter -->
<testsuite hostname="LAPTOP-JUUK22KG" failures="0" tests="2" name="wiproTestNG.TestNGDependencyCase" time="22.348" errors="0" timestamp="2025-08-16T16:29:30 IST" skipped="0">
  <testcase classname="wiproTestNG.TestNGDependencyCase" name="testcheckbox" time="6.023"/>
  <testcase classname="wiproTestNG.TestNGDependencyCase" name="login" time="16.325"/>
</testsuite> <!-- wiproTestNG.TestNGDependencyCase -->
