<?xml version="1.0" encoding="UTF-8"?>
<!-- Generated by org.testng.reporters.JUnitReportReporter -->
<testsuite hostname="LAPTOP-JUUK22KG" failures="0" tests="4" name="wiproTestNG.TestNGGroupcase" time="0.019" errors="0" timestamp="2025-08-23T12:20:18 IST" skipped="0">
  <testcase classname="wiproTestNG.TestNGGroupcase" name="testcase2" time="0.002"/>
  <testcase classname="wiproTestNG.TestNGGroupcase" name="testcase1" time="0.014"/>
  <testcase classname="wiproTestNG.TestNGGroupcase" name="testcase4" time="0.001"/>
  <testcase classname="wiproTestNG.TestNGGroupcase" name="testcase3" time="0.002"/>
</testsuite> <!-- wiproTestNG.TestNGGroupcase -->
