<?xml version="1.0" encoding="UTF-8"?>
<!-- Generated by org.testng.reporters.JUnitReportReporter -->
<testsuite hostname="LAPTOP-JUUK22KG" failures="0" tests="1" name="Booking.BookingEdge" time="42.846" errors="0" timestamp="2025-09-01T10:57:04 IST" skipped="0">
  <testcase classname="Booking.BookingEdge" name="Bookingflow" time="42.846"/>
</testsuite> <!-- Booking.BookingEdge -->
