<?xml version="1.0" encoding="UTF-8"?>
<!-- Generated by org.testng.reporters.JUnitReportReporter -->
<testsuite hostname="LAPTOP-JUUK22KG" failures="0" tests="1" name="Booking.Booking" time="43.589" errors="0" timestamp="2025-09-01T11:32:04 IST" skipped="0">
  <testcase classname="Booking.Booking" name="Bookingflow" time="43.589"/>
</testsuite> <!-- Booking.Booking -->
